[0m22:28:52.977721 [debug] [MainThread]: Sending event: {'category': 'dbt', 'action': 'invocation', 'label': 'start', 'context': [<snowplow_tracker.self_describing_json.SelfDescribingJson object at 0x7ff559a4e340>, <snowplow_tracker.self_describing_json.SelfDescribingJson object at 0x7ff55a345550>, <snowplow_tracker.self_describing_json.SelfDescribingJson object at 0x7ff55a345370>]}


============================== 22:28:52.982213 | 1ffdfd5d-dfb8-4fce-8e16-b2970d326c22 ==============================
[0m22:28:52.982213 [info ] [MainThread]: Running with dbt=1.10.9
[0m22:28:52.982742 [debug] [MainThread]: running dbt with arguments {'invocation_command': 'dbt init energy_dbt', 'send_anonymous_usage_stats': 'True', 'static_parser': 'True', 'use_colors': 'True', 'log_cache_events': 'False', 'log_format': 'default', 'fail_fast': 'False', 'version_check': 'True', 'printer_width': '80', 'indirect_selection': 'eager', 'quiet': 'False', 'introspect': 'True', 'debug': 'False', 'write_json': 'True', 'use_experimental_parser': 'False', 'partial_parse': 'True', 'log_path': 'logs', 'cache_selected_only': 'False', 'warn_error': 'None', 'no_print': 'None', 'empty': 'None', 'target_path': 'None', 'profiles_dir': '/Users/vivekraghunathan/.dbt', 'warn_error_options': 'WarnErrorOptionsV2(error=[], warn=[], silence=[])'}
[0m22:28:52.989848 [info ] [MainThread]: Creating dbt configuration folder at /Users/vivekraghunathan/.dbt
[0m22:28:52.990989 [debug] [MainThread]: Starter project path: /Users/vivekraghunathan/Downloads/energy-forecasting/.venv/lib/python3.9/site-packages/dbt/include/starter_project
[0m22:28:52.995366 [info ] [MainThread]: 
Your new dbt project "energy_dbt" was created!

For more information on how to configure the profiles.yml file,
please consult the dbt documentation here:

  https://docs.getdbt.com/docs/configure-your-profile

One more thing:

Need help? Don't hesitate to reach out to us via GitHub issues or on Slack:

  https://community.getdbt.com/

Happy modeling!

[0m22:28:52.995758 [info ] [MainThread]: Setting up your profile.
[0m22:29:01.299764 [info ] [MainThread]: Profile energy_dbt written to /Users/vivekraghunathan/.dbt/profiles.yml using target's sample configuration. Once updated, you'll be able to start developing with dbt.
[0m22:29:01.310735 [debug] [MainThread]: Resource report: {"command_name": "init", "command_success": true, "command_wall_clock_time": 8.426391, "process_in_blocks": "0", "process_kernel_time": 0.124219, "process_mem_max_rss": "103153664", "process_out_blocks": "0", "process_user_time": 1.076292}
[0m22:29:01.311534 [debug] [MainThread]: Command `dbt init` succeeded at 22:29:01.311203 after 8.43 seconds
[0m22:29:01.312078 [debug] [MainThread]: Sending event: {'category': 'dbt', 'action': 'invocation', 'label': 'end', 'context': [<snowplow_tracker.self_describing_json.SelfDescribingJson object at 0x7ff559a4e340>, <snowplow_tracker.self_describing_json.SelfDescribingJson object at 0x7ff55a378250>, <snowplow_tracker.self_describing_json.SelfDescribingJson object at 0x7ff55a3dd7c0>]}
[0m22:29:01.312434 [debug] [MainThread]: Flushing usage events
[0m22:29:02.561542 [debug] [MainThread]: An error was encountered while trying to flush usage events
[0m16:22:10.092983 [debug] [MainThread]: Sending event: {'category': 'dbt', 'action': 'invocation', 'label': 'start', 'context': [<snowplow_tracker.self_describing_json.SelfDescribingJson object at 0x7fb260bde310>, <snowplow_tracker.self_describing_json.SelfDescribingJson object at 0x7fb2616c6610>, <snowplow_tracker.self_describing_json.SelfDescribingJson object at 0x7fb2616c6430>]}


============================== 16:22:10.098890 | 6d30afb7-e493-43ec-bd9c-b7748885fdaf ==============================
[0m16:22:10.098890 [info ] [MainThread]: Running with dbt=1.10.9
[0m16:22:10.102969 [debug] [MainThread]: running dbt with arguments {'partial_parse': 'True', 'quiet': 'False', 'target_path': 'None', 'log_path': 'logs', 'debug': 'False', 'static_parser': 'True', 'write_json': 'True', 'use_experimental_parser': 'False', 'version_check': 'True', 'empty': 'None', 'log_cache_events': 'False', 'no_print': 'None', 'send_anonymous_usage_stats': 'True', 'log_format': 'default', 'cache_selected_only': 'False', 'profiles_dir': '/Users/vivekraghunathan/.dbt', 'invocation_command': 'dbt ls', 'introspect': 'True', 'fail_fast': 'False', 'warn_error': 'None', 'use_colors': 'True', 'warn_error_options': 'WarnErrorOptionsV2(error=[], warn=[], silence=[])', 'indirect_selection': 'eager', 'printer_width': '80'}
[0m16:22:10.103636 [error] [MainThread]: Encountered an error:
Runtime Error
  No dbt_project.yml found at expected path /Users/vivekraghunathan/Downloads/energy-forecasting/dbt_project.yml
  Verify that each entry within packages.yml (and their transitive dependencies) contains a file named dbt_project.yml
  
[0m16:22:10.114056 [debug] [MainThread]: Resource report: {"command_name": "list", "command_success": false, "command_wall_clock_time": 0.12142625, "process_in_blocks": "0", "process_kernel_time": 0.122645, "process_mem_max_rss": "97681408", "process_out_blocks": "0", "process_user_time": 1.046701}
[0m16:22:10.114903 [debug] [MainThread]: Command `dbt ls` failed at 16:22:10.114626 after 0.12 seconds
[0m16:22:10.115285 [debug] [MainThread]: Sending event: {'category': 'dbt', 'action': 'invocation', 'label': 'end', 'context': [<snowplow_tracker.self_describing_json.SelfDescribingJson object at 0x7fb260bde310>, <snowplow_tracker.self_describing_json.SelfDescribingJson object at 0x7fb26169fee0>, <snowplow_tracker.self_describing_json.SelfDescribingJson object at 0x7fb261678a60>]}
[0m16:22:10.115624 [debug] [MainThread]: Flushing usage events
[0m16:22:11.288058 [debug] [MainThread]: An error was encountered while trying to flush usage events
